app/build/outputs/logs/manifest-merger-debug-report.txt
-- Merging decision tree log ---
manifest
ADDED from src/main/AndroidManifest.xml:2:1-62:12
	package
		ADDED from src/main/AndroidManifest.xml:3:5-38
		INJECTED from src/main/AndroidManifest.xml
		ADDED from src/main/AndroidManifest.xml:3:5-38
		INJECTED from src/debug/AndroidManifest.xml
	android:versionName
		ADDED from src/main/AndroidManifest.xml:5:5-30
		INJECTED from src/main/AndroidManifest.xml
		ADDED from src/main/AndroidManifest.xml:5:5-30
		INJECTED from src/debug/AndroidManifest.xml
	android:versionCode
		ADDED from src/main/AndroidManifest.xml:4:5-28
		INJECTED from src/main/AndroidManifest.xml
		ADDED from src/main/AndroidManifest.xml:4:5-28
		INJECTED from src/debug/AndroidManifest.xml
	xmlns:android
		ADDED from src/main/AndroidManifest.xml:2:11-69
uses-sdk
ADDED from src/main/AndroidManifest.xml:7:5-43
	android:targetSdkVersion
		INJECTED from src/main/AndroidManifest.xml
		INJECTED from src/debug/AndroidManifest.xml
	android:minSdkVersion
		ADDED from src/main/AndroidManifest.xml:7:15-40
		INJECTED from src/main/AndroidManifest.xml
		INJECTED from src/debug/AndroidManifest.xml
uses-permission#android.permission.VIBRATE
ADDED from src/main/AndroidManifest.xml:9:5-66
	android:name
		ADDED from src/main/AndroidManifest.xml:9:22-63
uses-permission#android.permission.INTERNET
ADDED from src/main/AndroidManifest.xml:10:5-67
	android:name
		ADDED from src/main/AndroidManifest.xml:10:22-64
uses-permission#android.permission.READ_PHONE_STATE
ADDED from src/main/AndroidManifest.xml:11:5-75
	android:name
		ADDED from src/main/AndroidManifest.xml:11:22-72
uses-permission#android.permission.ACCESS_NETWORK_STATE
ADDED from src/main/AndroidManifest.xml:12:5-79
	android:name
		ADDED from src/main/AndroidManifest.xml:12:22-76
uses-permission#android.permission.WRITE_EXTERNAL_STORAGE
ADDED from src/main/AndroidManifest.xml:13:5-81
	android:name
		ADDED from src/main/AndroidManifest.xml:13:22-78
uses-permission#android.permission.ACCESS_FINE_LOCATION
ADDED from src/main/AndroidManifest.xml:14:5-79
	android:name
		ADDED from src/main/AndroidManifest.xml:14:22-76
uses-permission#android.permission.ACCESS_COARSE_LOCATION
ADDED from src/main/AndroidManifest.xml:15:5-81
	android:name
		ADDED from src/main/AndroidManifest.xml:15:22-78
uses-permission#android.permission.CALL_PHONE
ADDED from src/main/AndroidManifest.xml:16:5-17:23
	android:name
		ADDED from src/main/AndroidManifest.xml:16:22-66
application
ADDED from src/main/AndroidManifest.xml:19:5-60:19
	android:label
		ADDED from src/main/AndroidManifest.xml:21:9-41
	android:icon
		ADDED from src/main/AndroidManifest.xml:20:9-38
activity#com.google.ads.AdActivity
ADDED from src/main/AndroidManifest.xml:22:9-25:20
	android:configChanges
		ADDED from src/main/AndroidManifest.xml:23:13-72
	android:name
		ADDED from src/main/AndroidManifest.xml:24:13-53
activity#com.pskpartha.wayFinder.SplashScreenActivity
ADDED from src/main/AndroidManifest.xml:26:9-34:20
	android:label
		ADDED from src/main/AndroidManifest.xml:27:13-45
	android:name
		ADDED from src/main/AndroidManifest.xml:28:13-72
intent-filter#android.intent.action.MAIN+android.intent.category.LAUNCHER
ADDED from src/main/AndroidManifest.xml:29:13-33:29
action#android.intent.action.MAIN
ADDED from src/main/AndroidManifest.xml:30:17-69
	android:name
		ADDED from src/main/AndroidManifest.xml:30:25-66
category#android.intent.category.LAUNCHER
ADDED from src/main/AndroidManifest.xml:32:17-77
	android:name
		ADDED from src/main/AndroidManifest.xml:32:27-74
activity#com.pskpartha.wayFinder.CarSolutionActivity
ADDED from src/main/AndroidManifest.xml:35:9-39:20
	android:launchMode
		ADDED from src/main/AndroidManifest.xml:37:13-43
	android:configChanges
		ADDED from src/main/AndroidManifest.xml:36:13-75
	android:name
		ADDED from src/main/AndroidManifest.xml:38:13-71
activity#com.pskpartha.wayFinder.ListActivity
ADDED from src/main/AndroidManifest.xml:40:9-44:20
	android:launchMode
		ADDED from src/main/AndroidManifest.xml:42:13-43
	android:configChanges
		ADDED from src/main/AndroidManifest.xml:41:13-75
	android:name
		ADDED from src/main/AndroidManifest.xml:43:13-64
activity#com.pskpartha.wayFinder.ListDetailsActivity
ADDED from src/main/AndroidManifest.xml:45:9-49:20
	android:launchMode
		ADDED from src/main/AndroidManifest.xml:47:13-43
	android:configChanges
		ADDED from src/main/AndroidManifest.xml:46:13-75
	android:name
		ADDED from src/main/AndroidManifest.xml:48:13-71
activity#com.pskpartha.wayFinder.DroidWebViewActivity
ADDED from src/main/AndroidManifest.xml:50:9-54:20
	android:launchMode
		ADDED from src/main/AndroidManifest.xml:52:13-43
	android:configChanges
		ADDED from src/main/AndroidManifest.xml:51:13-75
	android:name
		ADDED from src/main/AndroidManifest.xml:53:13-72
activity#com.pskpartha.wayFinder.MapViewActivity
ADDED from src/main/AndroidManifest.xml:55:9-59:20
	android:launchMode
		ADDED from src/main/AndroidManifest.xml:57:13-43
	android:configChanges
		ADDED from src/main/AndroidManifest.xml:56:13-75
	android:name
		ADDED from src/main/AndroidManifest.xml:58:13-67